  compose-post: 0.14 ms
  upload-media: 0.22 ms
  upload-creator: 255 ms
  upload-text: 2 ms
  upload-user-mentions: 279 ms
  upload-unique-id: 0.55 ms
  compose-and-upload: 0.85 ms
  post-storage: 279 ms
  upload-user-timeline: 331 ms
  upload-home-timeline: 282 ms

  compose-post: 0.13 ms
  upload-media: 0.23 ms
  upload-creator: 257 ms
  upload-text: 2 ms
  upload-user-mentions: 283 ms
  upload-unique-id: 0.47 ms
  compose-and-upload: 0.87 ms
  post-storage: 356 ms
  upload-user-timeline: 306 ms
  upload-home-timeline: 310 ms

  compose-post: 0.11 ms
  upload-media: 0.56 ms
  upload-creator: 320 ms
  upload-text: 4 ms
  upload-user-mentions: 347 ms
  upload-unique-id: 0.44 ms
  compose-and-upload: 0.69 ms
  post-storage: 317 ms
  upload-user-timeline: 398 ms
  upload-home-timeline: 377 ms