  compose-post: 0.14 ms
  upload-media: 0.23 ms
  upload-creator: 256 ms
  upload-text: 2 ms
  upload-user-mentions: 263 ms
  upload-unique-id: 0.45 ms
  compose-and-upload: 0.79 ms
  post-storage: 263 ms
  upload-user-timeline: 367 ms
  upload-home-timeline: 333 ms

  compose-post: 0.11 ms
  upload-media: 0.23 ms
  upload-creator: 256 ms
  upload-text: 2 ms
  upload-user-mentions: 299 ms
  upload-unique-id: 0.46 ms
  compose-and-upload: 0.9 ms
  post-storage: 265 ms
  upload-user-timeline: 288 ms
  upload-home-timeline: 301 ms

  compose-post: 0.11 ms
  upload-media: 0.23 ms
  upload-creator: 339 ms
  upload-text: 2 ms
  upload-user-mentions: 343 ms
  upload-unique-id: 0.44 ms
  compose-and-upload: 0.85 ms
  post-storage: 429 ms
  upload-user-timeline: 284 ms
  upload-home-timeline: 333 ms